MNEMONIC=1
REPORT_GAS=1
INFURA_API_KEY=1
ETHERSCAN_API_KEY=1
STADER_ADMIN=1
EXTERNAL_ADMIN=1
STADER_TREASURY=1
ETH_DEPOSIT_CONTRACT=1
RATED=1
STADER_CONFIG=1
VAULT_FACTORY=1
AUCTION=1
ETHx=1
SD_TOKEN=1
OPERATOR_REWARD_COLLECTOR=1
PENALTY=1
PERMISSIONED_NODE_REGISTRY=1
PERMISSIONED_POOL=1
PERMISSIONLESS_NODE_REGISTRY=1
PERMISSIONLESS_POOL=1
POOL_SELECTOR=1
POOL_UTILS=1
SD_COLLATERAL=1
PERMISSIONED_SOCIALIZING_POOL=1
PERMISSIONLESS_SOCIALIZING_POOL=1
INSURANCE_FUND=1
STADER_ORACLE=1
STAKE_POOL_MANAGER=1
USER_WITHDRAW_MANAGER=1
NODE_EL_REWARD_VAULT_IMPL=1
WITHDRAW_VAULT_IMPL=1
OWNER_PRIVATE_KEY=1
GAS_PRICE=1
API_KEY=1
POLYGON_RPC_URL=1
MUMBAI_RPC_URL=1
KOVAN_RPC_URL=1
ROPSTEN_RPC_URL=1
MAINNET_RPC_URL=1
BLOCK_EXPLORER_KEY=1
TENDERLY_PROJECT=1
TENDERLY_USERNAME=1
TENDERLY_FORK_ID=1
TENDERLY_HEAD_ID=1
DEPLOYER_MNEMONIC=1
MAINNET_WETH_ADDRESS=1
FORK_MAINNET=1
BSC_ARCHIVE_NODE_URL=1
SCRIPT_RPC_URL=1
SCRIPT_PRIVATE_KEY=1
SCRIPT_DEPLOYER_ADDRESS=1
ALCHEMY_API_KEY=1
COINMARKETCAP_API_KEY=1
FORKING=1
HARDHAT_NETWORK=1
HARDHAT_MAX_MEMORY=1
HARDHAT_SHOW_STACK_TRACES=1
HARDHAT_VERBOSE=1
FEEDER_PRIVATE_KEY=1
MAINNET_DEPLOYER_PK=1
MAINNET_TEST_PK=1
MAINNET_RPC=1
KOVAN_DEPLOYER_PK=1
KOVAN_RPC=1
INFURA_KEY=1
ETHERSCAN_KEY=1
PRIVATE_KEY=1
ETH_NODE_URI_MAINNET=1
ETH_NODE_URI=1
MNEMONIC_MAINNET=1
ALCHEMY_OPTKOV_API_KEY=1
ALCHEMY_MUMBAI_API_KEY=1
BSC_TESTNET_RPC=1
FUJI_RPC=1
INFURA_PROJECT_ID=1
DEPLOYER_PRIVATE_KEY=1
FTMSCAN_API_KEY=1
RPC_MAINNET=1
RINKEBY_URL=1
POLYGON_URL=1
GOERLI_RPC_URL=1
POLYGONSCAN_API_KEY=1
SOURCE_MAX_FAILED_ATTEMPTS=1
SOURCE_MAX_REQUEST_DELAY=1
SOURCE_AUTHORIZED_CONSUMER_ADDRESS=1
VRFv2_LINK_TOKEN_ADDRESS=1
VRFv2_WRAPPER_ADDRESS=1
VRFv2_MAX_ATTEMPTS=1
VRFv2_GAS_LIMIT=1
LOTTERY_FIRST_DRAW_AT=1
LOTTERY_DRAW_PERIOD=1
LOTTERY_DRAW_COOL_DOWN_PERIOD=1
LOTTERY_TICKET_PRICE=1
LOTTERY_SELECTION_SIZE=1
LOTTERY_SELECTION_MAX=1
LOTTERY_EXPECTED_PAYOUT=1
LOTTERY_ADDRESS=1
REWARD_TOKEN_ADDRESS=1
RNSOURCE_ADDRESS=1
LOTTERY_TOKEN_ADDRESS=1
FILL_WITH_DATA_OPTION=1
SNOWTRACE_API_KEY=1
RPC_MAINNET_URL=1
RPC_TESTNET_URL=1
ALCHEMY_MAINNET_API_KEY=1
ALCHEMY_MAINNET_URL=1
DEV_MNEMONIC=1
MAINNET_FORK_ENABLED=1
MAINNET_FORK_BLOCKNUMBER=1
MUMBAI_ETHERSCAN_KEY=1
POLYGON_ETHERSCAN_KEY=1
ROPSTEN_URL=1
BSC_RPC_URL=1
FTM_RPC_URL=1
ARBITRUM_RPC_URL=1
MAINNET_URL=1
POLYGON_MAINNET_URL=1
DEFAULT_FORK_BLOCK=1
ALCHEMY_KEY=1
ETH_RPC_URL=1
KOVAN_PRIVATE_KEY=1
KOVAN_URI=1
MAINNET_PRIVATE_KEY=1
MAINNET_URI=1
WEB3_INFURA_PROJECT_ID=1
ETHERSCAN_TOKEN=1
ALCHEMY_ROPSTEN_API_KEY=1
ALCHEMY_KOVAN_API_KEY=1
ACCOUNT_PRIVATE_KEY=1
FORK_CHAINID=1
FORK_URL=1
POLYSCAN_KEY=1
RPC_URL=1
CHAIN=1
ETH_FROM=1
GUARDIAN_ADDRESS=1
GUARDIAN_PRIVATE_KEY=1
POLICY_ADDRESS=1
MAINNET_FORK_BLOCK=1
RINKEBY_RPC_URL=1
RINKEBY_FORK_BLOCK=1
RINKEBY_PRIVATE_KEY=1
SEED=1
ARBITRUM_RINKEBY_RPC_URL=1
GOERLI_RPC=1
SEPOLIA_RPC=1
DEPLOYER_MAINNNET_PRIVATE_KEY=1
DEPLOYER_GOERLI_PRIVATE_KEY=1
DEPLOYER_SEPOLIA_PRIVATE_KEY=1
DEPLOYER_ANVIL_LOCAL_PRIVATE_KEY=1
USER_PRIVATE_KEY=1
BSCSCAN_API_KEY=1
COINMARKETCAP_KEY=1
VERIFY_CONTRACTS=1
MALT_TREASURY_ADDRESS=1
MALT_TESTNET_TREASURY_ADDRESS=1
MALT_DEPLOY_SEED=1
MALT_TESTNET_DEPLOY_SEED=1
ALCHEMY_TOKEN=1
NODE_OPTIONS=1
ETH_GAS=1
SOLC_VERSION=1
AJNA_TOKEN=1
DEPLOY_KEY=1
NODE_URL=1
MAINNET_BLOCK=1
KOVAN_URL=1
ETH_MAINNET_URL=1
BSC_URL=1
BSC_TESTNET_URL=1
POLYGON_MUMBAI_URL=1
ALCHEMY_PROJECT_ID=1
GOERLI_URL=1
MUMBAI_URL=1
CHESTR_WALLET=1
SPLITTER_CONTRACT=1
ETHERNAL_EMAIL=1
ETHERNAL_PASSWORD=1
ETHERNAL_ENABLED=1
RIALTO=1
QUICK_NODE_KEY=1
ADDRESS_BOOK=1
GRAPH_CONFIG=1
ETH_KEY=1
POLYGONSCAN_KEY=1
ARBISCAN_KEY=1
MAINNET_DAO_ENS_DOMAIN=1
GOERLI_DAO_ENS_DOMAIN=1
LOCALHOST_DAO_ENS_DOMAIN=1
HARDHAT_DAO_ENS_DOMAIN=1
MAINNET_PLUGIN_ENS_DOMAIN=1
GOERLI_PLUGIN_ENS_DOMAIN=1
LOCALHOST_PLUGIN_ENS_DOMAIN=1
HARDHAT_PLUGIN_ENS_DOMAIN=1
MANAGINGDAO_SUBDOMAIN=1
MANAGINGDAO_MULTISIG_APPROVERS=1
MANAGINGDAO_MULTISIG_MINAPPROVALS=1
MANAGINGDAO_MULTISIG_LISTEDONLY=1
NETWORK=1
ETHERSCAN_VERIFICATION=1
ETHERSCAN_VERIFICATION_JOBS=1
ETHERSCAN_VERIFICATION_MAX_RETRIES=1
BLOCKSCOUT_DISABLE_INDEXER=1
MOCHA_JOBS=1
DB_PATH=1
DEPLOY_START=1
DEPLOY_END=1
WALLET_PUBLIC_KEY=1
WALLET_PRIVATE_KEY=1
MNEMONIC=1
REPORT_GAS=1
INFURA_API_KEY=1
ETHERSCAN_API_KEY=1
STADER_ADMIN=1
EXTERNAL_ADMIN=1
STADER_TREASURY=1
ETH_DEPOSIT_CONTRACT=1
RATED=1
STADER_CONFIG=1
VAULT_FACTORY=1
AUCTION=1
ETHx=1
SD_TOKEN=1
OPERATOR_REWARD_COLLECTOR=1
PENALTY=1
PERMISSIONED_NODE_REGISTRY=1
PERMISSIONED_POOL=1
PERMISSIONLESS_NODE_REGISTRY=1
PERMISSIONLESS_POOL=1
POOL_SELECTOR=1
POOL_UTILS=1
SD_COLLATERAL=1
PERMISSIONED_SOCIALIZING_POOL=1
PERMISSIONLESS_SOCIALIZING_POOL=1
INSURANCE_FUND=1
STADER_ORACLE=1
STAKE_POOL_MANAGER=1
USER_WITHDRAW_MANAGER=1
NODE_EL_REWARD_VAULT_IMPL=1
WITHDRAW_VAULT_IMPL=1
OWNER_PRIVATE_KEY=1
GAS_PRICE=1
API_KEY=1
POLYGON_RPC_URL=1
MUMBAI_RPC_URL=1
KOVAN_RPC_URL=1
ROPSTEN_RPC_URL=1
MAINNET_RPC_URL=1
BLOCK_EXPLORER_KEY=1
TENDERLY_PROJECT=1
TENDERLY_USERNAME=1
TENDERLY_FORK_ID=1
TENDERLY_HEAD_ID=1
DEPLOYER_MNEMONIC=1
MAINNET_WETH_ADDRESS=1
FORK_MAINNET=1
BSC_ARCHIVE_NODE_URL=1
SCRIPT_RPC_URL=1
SCRIPT_PRIVATE_KEY=1
SCRIPT_DEPLOYER_ADDRESS=1
ALCHEMY_API_KEY=1
COINMARKETCAP_API_KEY=1
FORKING=1
HARDHAT_NETWORK=1
HARDHAT_MAX_MEMORY=1
HARDHAT_SHOW_STACK_TRACES=1
HARDHAT_VERBOSE=1
FEEDER_PRIVATE_KEY=1
MAINNET_DEPLOYER_PK=1
MAINNET_TEST_PK=1
MAINNET_RPC=1
KOVAN_DEPLOYER_PK=1
KOVAN_RPC=1
INFURA_KEY=1
ETHERSCAN_KEY=1
PRIVATE_KEY=1
ETH_NODE_URI_MAINNET=1
ETH_NODE_URI=1
MNEMONIC_MAINNET=1
ALCHEMY_OPTKOV_API_KEY=1
ALCHEMY_MUMBAI_API_KEY=1
BSC_TESTNET_RPC=1
FUJI_RPC=1
INFURA_PROJECT_ID=1
DEPLOYER_PRIVATE_KEY=1
FTMSCAN_API_KEY=1
RPC_MAINNET=1
RINKEBY_URL=1
POLYGON_URL=1
GOERLI_RPC_URL=1
POLYGONSCAN_API_KEY=1
SOURCE_MAX_FAILED_ATTEMPTS=1
SOURCE_MAX_REQUEST_DELAY=1
SOURCE_AUTHORIZED_CONSUMER_ADDRESS=1
VRFv2_LINK_TOKEN_ADDRESS=1
VRFv2_WRAPPER_ADDRESS=1
VRFv2_MAX_ATTEMPTS=1
VRFv2_GAS_LIMIT=1
LOTTERY_FIRST_DRAW_AT=1
LOTTERY_DRAW_PERIOD=1
LOTTERY_DRAW_COOL_DOWN_PERIOD=1
LOTTERY_TICKET_PRICE=1
LOTTERY_SELECTION_SIZE=1
LOTTERY_SELECTION_MAX=1
LOTTERY_EXPECTED_PAYOUT=1
LOTTERY_ADDRESS=1
REWARD_TOKEN_ADDRESS=1
RNSOURCE_ADDRESS=1
LOTTERY_TOKEN_ADDRESS=1
FILL_WITH_DATA_OPTION=1
SNOWTRACE_API_KEY=1
RPC_MAINNET_URL=1
RPC_TESTNET_URL=1
ALCHEMY_MAINNET_API_KEY=1
ALCHEMY_MAINNET_URL=1
DEV_MNEMONIC=1
MAINNET_FORK_ENABLED=1
MAINNET_FORK_BLOCKNUMBER=1
MUMBAI_ETHERSCAN_KEY=1
POLYGON_ETHERSCAN_KEY=1
ROPSTEN_URL=1
BSC_RPC_URL=1
FTM_RPC_URL=1
ARBITRUM_RPC_URL=1
MAINNET_URL=1
POLYGON_MAINNET_URL=1
DEFAULT_FORK_BLOCK=1
ALCHEMY_KEY=1
ETH_RPC_URL=1
KOVAN_PRIVATE_KEY=1
KOVAN_URI=1
MAINNET_PRIVATE_KEY=1
MAINNET_URI=1
WEB3_INFURA_PROJECT_ID=1
ETHERSCAN_TOKEN=1
ALCHEMY_ROPSTEN_API_KEY=1
ALCHEMY_KOVAN_API_KEY=1
ACCOUNT_PRIVATE_KEY=1
FORK_CHAINID=1
FORK_URL=1
POLYSCAN_KEY=1
RPC_URL=1
CHAIN=1
ETH_FROM=1
GUARDIAN_ADDRESS=1
GUARDIAN_PRIVATE_KEY=1
POLICY_ADDRESS=1
MAINNET_FORK_BLOCK=1
RINKEBY_RPC_URL=1
RINKEBY_FORK_BLOCK=1
RINKEBY_PRIVATE_KEY=1
SEED=1
ARBITRUM_RINKEBY_RPC_URL=1
GOERLI_RPC=1
SEPOLIA_RPC=1
DEPLOYER_MAINNNET_PRIVATE_KEY=1
DEPLOYER_GOERLI_PRIVATE_KEY=1
DEPLOYER_SEPOLIA_PRIVATE_KEY=1
DEPLOYER_ANVIL_LOCAL_PRIVATE_KEY=1
USER_PRIVATE_KEY=1
BSCSCAN_API_KEY=1
COINMARKETCAP_KEY=1
VERIFY_CONTRACTS=1
MALT_TREASURY_ADDRESS=1
MALT_TESTNET_TREASURY_ADDRESS=1
MALT_DEPLOY_SEED=1
MALT_TESTNET_DEPLOY_SEED=1
ALCHEMY_TOKEN=1
NODE_OPTIONS=1
ETH_GAS=1
SOLC_VERSION=1
AJNA_TOKEN=1
DEPLOY_KEY=1
NODE_URL=1
MAINNET_BLOCK=1
KOVAN_URL=1
ETH_MAINNET_URL=1
BSC_URL=1
BSC_TESTNET_URL=1
POLYGON_MUMBAI_URL=1
ALCHEMY_PROJECT_ID=1
GOERLI_URL=1
MUMBAI_URL=1
CHESTR_WALLET=1
SPLITTER_CONTRACT=1
ETHERNAL_EMAIL=1
ETHERNAL_PASSWORD=1
ETHERNAL_ENABLED=1
RIALTO=1
QUICK_NODE_KEY=1
ADDRESS_BOOK=1
GRAPH_CONFIG=1
ETH_KEY=1
POLYGONSCAN_KEY=1
ARBISCAN_KEY=1
MAINNET_DAO_ENS_DOMAIN=1
GOERLI_DAO_ENS_DOMAIN=1
LOCALHOST_DAO_ENS_DOMAIN=1
HARDHAT_DAO_ENS_DOMAIN=1
MAINNET_PLUGIN_ENS_DOMAIN=1
GOERLI_PLUGIN_ENS_DOMAIN=1
LOCALHOST_PLUGIN_ENS_DOMAIN=1
HARDHAT_PLUGIN_ENS_DOMAIN=1
MANAGINGDAO_SUBDOMAIN=1
MANAGINGDAO_MULTISIG_APPROVERS=1
MANAGINGDAO_MULTISIG_MINAPPROVALS=1
MANAGINGDAO_MULTISIG_LISTEDONLY=1
NETWORK=1
ETHERSCAN_VERIFICATION=1
ETHERSCAN_VERIFICATION_JOBS=1
ETHERSCAN_VERIFICATION_MAX_RETRIES=1
BLOCKSCOUT_DISABLE_INDEXER=1
MOCHA_JOBS=1
DB_PATH=1
DEPLOY_START=1
DEPLOY_END=1
WALLET_PUBLIC_KEY=1
WALLET_PRIVATE_KEY=1
